mayank@halyard:~$ sudo bash /InstallHalyard.sh 
Please supply a non-root user to run Halyard as: mayank
Halyard version will be stable 
Halyard will be downloaded from gs://spinnaker-artifacts/halyard 
Halyard config will come from bucket gs://halconfig 
Halconfig will be stored at /home/mayank/.hal/config
Uninstall script is located at /home/mayank/.hal/uninstall.sh
/home/mayank/installhalyard.toaY /home/mayank
  % Total    % Received % Xferd  Average Speed   Time    Time     Time  Current
                                 Dload  Upload   Total   Spent    Left  Speed
100  347M  100  347M    0     0  98.7M      0  0:00:03  0:00:03 --:--:-- 98.7M
halyard/
halyard/bin/
halyard/bin/hal
halyard/bin/halyard
halyard/bin/hal.bat
halyard/bin/halyard.bat
halyard/lib/
halyard/lib/opentest4j-1.2.0.jar
halyard/lib/aws-java-sdk-machinelearning-1.11.934.jar
halyard/lib/azure-mgmt-servicebus-1.19.0.jar
halyard/lib/micrometer-core-1.3.5.jar
halyard/lib/tomcat-annotations-api-9.0.31.jar
halyard/lib/j2objc-annotations-1.3.jar
halyard/lib/kork-credentials-api-7.100.2.jar
halyard/lib/aws-java-sdk-workmail-1.11.934.jar
halyard/lib/azure-mgmt-monitor-1.19.0.jar
halyard/lib/netty-handler-proxy-4.1.45.Final.jar
halyard/lib/kotlin-stdlib-common-1.4.21.jar
halyard/lib/aws-java-sdk-cognitoidentity-1.11.934.jar
halyard/lib/activation-1.1.jar
halyard/lib/jcl-over-slf4j-1.7.30.jar
halyard/lib/resilience4j-core-1.0.0.jar
halyard/lib/javax.mail-1.6.1.jar
halyard/lib/spectator-api-0.103.0.jar
halyard/lib/kork-web-7.100.2.jar
halyard/lib/org.eclipse.jgit-5.7.0.202003110725-r.jar
halyard/lib/aws-java-sdk-personalizeevents-1.11.934.jar
halyard/lib/aws-java-sdk-mediastore-1.11.934.jar
halyard/lib/logging-interceptor-3.14.9.jar
halyard/lib/aws-java-sdk-backup-1.11.934.jar
halyard/lib/picocli-4.0.1.jar
halyard/lib/azure-mgmt-appservice-1.19.0.jar
halyard/lib/kork-plugins-api-7.100.2.jar
halyard/lib/azure-keyvault-webkey-1.0.0.jar
halyard/lib/antlr-runtime-3.4.jar
halyard/lib/aws-java-sdk-sso-1.11.934.jar
halyard/lib/aws-java-sdk-inspector-1.11.934.jar
halyard/lib/aws-java-sdk-iotsitewise-1.11.934.jar
halyard/lib/groovy-console-2.5.11.jar
halyard/lib/aws-java-sdk-ec2instanceconnect-1.11.934.jar
halyard/lib/jackson-dataformat-properties-2.12.1.jar
halyard/lib/aws-java-sdk-managedblockchain-1.11.934.jar
halyard/lib/kotlin-stdlib-jdk7-1.4.21.jar
halyard/lib/json-smart-2.3.jar
halyard/lib/grpc-all-1.8.0.jar
halyard/lib/jcommander-1.71.jar
halyard/lib/kork-cloud-config-server-7.100.2.jar
halyard/lib/aws-java-sdk-swf-libraries-1.11.22.jar
halyard/lib/osgi-resource-locator-1.0.3.jar
halyard/lib/junit-platform-commons-1.6.2.jar
halyard/lib/snakeyaml-1.27.jar
halyard/lib/big-math-2.0.0.jar
halyard/lib/jsch.agentproxy.core-0.0.9.jar
halyard/lib/netty-transport-4.1.53.Final.jar
halyard/lib/api-common-1.9.0.jar
halyard/lib/resilience4j-spring-1.0.0.jar
halyard/lib/annotations-4.1.1.4.jar
halyard/lib/aws-java-sdk-codestar-1.11.934.jar
halyard/lib/azure-storage-6.1.0.jar
halyard/lib/javax.el-3.0.1-b11.jar
halyard/lib/proto-google-common-protos-1.17.0.jar
halyard/lib/groovy-templates-2.5.11.jar
halyard/lib/jline-2.14.6.jar
halyard/lib/resilience4j-circularbuffer-1.0.0.jar
halyard/lib/jersey-core-1.19.1.jar
halyard/lib/java-semver-0.9.0.jar
halyard/lib/jedis-3.1.0.jar
halyard/lib/LatencyUtils-2.0.3.jar
halyard/lib/xpp3_min-1.1.4c.jar
halyard/lib/animal-sniffer-annotations-1.18.jar
halyard/lib/protobuf-java-3.11.4.jar
halyard/lib/ant-launcher-1.9.13.jar
halyard/lib/hibernate-validator-6.0.18.Final.jar
halyard/lib/azure-annotations-1.8.0.jar
halyard/lib/maven-resolver-impl-1.1.1.jar
halyard/lib/azure-mgmt-compute-1.19.0.jar
halyard/lib/aws-java-sdk-globalaccelerator-1.11.934.jar
halyard/lib/aws-java-sdk-eks-1.11.934.jar
halyard/lib/commons-configuration-1.8.jar
halyard/lib/google-cloud-storage-1.108.0.jar
halyard/lib/plexus-interpolation-1.24.jar
halyard/lib/aws-java-sdk-events-1.11.934.jar
halyard/lib/aws-java-sdk-directory-1.11.934.jar
halyard/lib/aws-java-sdk-costexplorer-1.11.934.jar
halyard/lib/commons-math-2.2.jar
halyard/lib/zipkin-reporter-2.15.0.jar
halyard/lib/okhttp-2.7.5.jar
halyard/lib/guava-29.0-android.jar
halyard/lib/spring-jcl-5.2.9.RELEASE.jar
halyard/lib/clouddriver-security-5.72.1.jar
halyard/lib/azure-client-authentication-1.6.4.jar
halyard/lib/oauth2-oidc-sdk-5.64.4.jar
halyard/lib/annotations-3.0.1.jar
halyard/lib/maven-resolver-util-1.1.1.jar
halyard/lib/clouddriver-docker-5.72.1.jar
halyard/lib/aws-java-sdk-route53resolver-1.11.934.jar
halyard/lib/kork-credentials-7.100.2.jar
halyard/lib/aws-java-sdk-s3outposts-1.11.934.jar
halyard/lib/resilience4j-framework-common-1.0.0.jar
halyard/lib/kotlin-reflect-1.4.21.jar
halyard/lib/azure-mgmt-sql-1.19.0.jar
halyard/lib/retrofit-1.9.0.jar
halyard/lib/gson-2.8.6.jar
halyard/lib/hk2-api-2.6.1.jar
halyard/lib/spectator-web-spring-0.103.0.jar
halyard/lib/aws-java-sdk-connectcontactlens-1.11.934.jar
halyard/lib/jansi-1.11.jar
halyard/lib/jna-4.5.2.jar
halyard/lib/aws-java-sdk-gluedatabrew-1.11.934.jar
halyard/lib/aws-java-sdk-rds-1.11.934.jar
halyard/lib/aws-java-sdk-networkmanager-1.11.934.jar
halyard/lib/aws-java-sdk-health-1.11.934.jar
halyard/lib/kotlin-stdlib-jdk8-1.4.21.jar
halyard/lib/aws-java-sdk-stepfunctions-1.11.934.jar
halyard/lib/nimbus-jose-jwt-6.5.1.jar
halyard/lib/kubernetes-model-common-4.4.1.jar
halyard/lib/aws-java-sdk-sagemakerfeaturestoreruntime-1.11.934.jar
halyard/lib/aws-java-sdk-neptune-1.11.934.jar
halyard/lib/jackson-module-jaxb-annotations-2.12.1.jar
halyard/lib/threetenbp-1.4.4.jar
halyard/lib/brave-instrumentation-okhttp3-5.12.3.jar
halyard/lib/aws-java-sdk-kafka-1.11.934.jar
halyard/lib/aws-java-sdk-ec2-1.11.934.jar
halyard/lib/gax-1.56.0.jar
halyard/lib/halyard-web-1.41.1-20210226020017.jar
halyard/lib/aws-java-sdk-codestarnotifications-1.11.934.jar
halyard/lib/groovy-2.5.11.jar
halyard/lib/javax.ws.rs-api-2.1.jar
halyard/lib/clouddriver-aws-5.72.1.jar
halyard/lib/jakarta.activation-api-1.2.2.jar
halyard/lib/aws-java-sdk-budgets-1.11.934.jar
halyard/lib/hamcrest-core-2.1.jar
halyard/lib/re2j-1.2.jar
halyard/lib/aws-java-sdk-pi-1.11.934.jar
halyard/lib/aws-java-sdk-honeycode-1.11.934.jar
halyard/lib/groovy-sql-2.5.11.jar
halyard/lib/jmespath-java-1.11.934.jar
halyard/lib/spring-boot-starter-logging-2.2.5.RELEASE.jar
halyard/lib/halyard-proto-1.41.1-20210226020017.jar
halyard/lib/classmate-1.5.1.jar
halyard/lib/commons-cli-1.4.jar
halyard/lib/resilience4j-retry-1.0.0.jar
halyard/lib/aws-java-sdk-secretsmanager-1.11.934.jar
halyard/lib/aws-java-sdk-iot1clickdevices-1.11.934.jar
halyard/lib/guice-4.1.0.jar
halyard/lib/commons-pool2-2.7.0.jar
halyard/lib/aws-java-sdk-kms-1.11.934.jar
halyard/lib/kork-artifacts-7.100.2.jar
halyard/lib/aws-java-sdk-healthlake-1.11.934.jar
halyard/lib/jsch.agentproxy.usocket-jna-0.0.9.jar
halyard/lib/commons-collections-3.2.2.jar
halyard/lib/spring-security-rsa-1.0.9.RELEASE.jar
halyard/lib/apiguardian-api-1.1.0.jar
halyard/lib/resilience4j-bulkhead-1.0.0.jar
halyard/lib/aws-java-sdk-snowball-1.11.934.jar
halyard/lib/aws-java-sdk-opsworkscm-1.11.934.jar
halyard/lib/javassist-3.24.1-GA.jar
halyard/lib/jzlib-1.1.1.jar
halyard/lib/javax.annotation-api-1.3.2.jar
halyard/lib/spring-beans-5.2.9.RELEASE.jar
halyard/lib/aws-java-sdk-marketplacecommerceanalytics-1.11.934.jar
halyard/lib/aws-java-sdk-augmentedairuntime-1.11.934.jar
halyard/lib/jakarta.ws.rs-api-2.1.6.jar
halyard/lib/plexus-component-annotations-1.7.1.jar
halyard/lib/jackson-datatype-jdk8-2.12.1.jar
halyard/lib/grpc-protobuf-lite-1.27.2.jar
halyard/lib/config-1.4.0.jar
halyard/lib/sshoogr-0.9.25.jar
halyard/lib/commons-logging-1.1.3.jar
halyard/lib/spring-boot-loader-tools-2.2.5.RELEASE.jar
halyard/lib/aws-java-sdk-servermigration-1.11.934.jar
halyard/lib/aws-java-sdk-apigatewayv2-1.11.934.jar
halyard/lib/adal4j-1.6.3.jar
halyard/lib/aws-java-sdk-chime-1.11.934.jar
halyard/lib/aws-java-sdk-config-1.11.934.jar
halyard/lib/aws-java-sdk-ses-1.11.934.jar
halyard/lib/oci-java-sdk-common-1.5.17.jar
halyard/lib/pf4j-update-2.3.0.jar
halyard/lib/spring-boot-starter-tomcat-2.2.5.RELEASE.jar
halyard/lib/clouddriver-event-5.72.1.jar
halyard/lib/maven-artifact-3.5.4.jar
halyard/lib/azure-keyvault-core-0.8.0.jar
halyard/lib/converter-jackson-2.8.1.jar
halyard/lib/jaxb-api-2.3.1.jar
halyard/lib/kubernetes-model-4.4.1.jar
halyard/lib/tomcat-embed-el-9.0.31.jar
halyard/lib/aws-java-sdk-codepipeline-1.11.934.jar
halyard/lib/groovy-docgenerator-2.5.11.jar
halyard/lib/aws-java-sdk-securityhub-1.11.934.jar
halyard/lib/aws-java-sdk-ssm-1.11.934.jar
halyard/lib/grpc-core-1.27.2.jar
halyard/lib/aws-java-sdk-storagegateway-1.11.934.jar
halyard/lib/aws-java-sdk-emr-1.11.934.jar
halyard/lib/aws-java-sdk-codedeploy-1.11.934.jar
halyard/lib/aws-java-sdk-cognitoidp-1.11.934.jar
halyard/lib/aws-java-sdk-qldb-1.11.934.jar
halyard/lib/kork-moniker-7.100.2.jar
halyard/lib/aws-java-sdk-apigatewaymanagementapi-1.11.934.jar
halyard/lib/jackson-module-kotlin-2.12.1.jar
halyard/lib/aws-java-sdk-simpleworkflow-1.11.934.jar
halyard/lib/azure-mgmt-locks-1.19.0.jar
halyard/lib/aws-java-sdk-cloudwatch-1.11.934.jar
halyard/lib/kork-jedis-7.100.2.jar
halyard/lib/jsch.agentproxy.sshagent-0.0.9.jar
halyard/lib/commons-io-2.6.jar
halyard/lib/aws-java-sdk-kendra-1.11.934.jar
halyard/lib/aws-java-sdk-redshiftdataapi-1.11.934.jar
halyard/lib/proto-google-iam-v1-0.13.0.jar
halyard/lib/azure-mgmt-redis-1.19.0.jar
halyard/lib/listenablefuture-9999.0-empty-to-avoid-conflict-with-guava.jar
halyard/lib/spring-security-config-5.2.2.RELEASE.jar
halyard/lib/aws-java-sdk-docdb-1.11.934.jar
halyard/lib/google-auth-library-credentials-0.20.0.jar
halyard/lib/zipkin-reporter-brave-2.15.0.jar
halyard/lib/google-oauth-client-1.30.5.jar
halyard/lib/spring-boot-starter-actuator-2.2.5.RELEASE.jar
halyard/lib/aws-java-sdk-athena-1.11.934.jar
halyard/lib/groovy-testng-2.5.11.jar
halyard/lib/aws-java-sdk-identitystore-1.11.934.jar
halyard/lib/groovy-datetime-2.5.11.jar
halyard/lib/google-api-services-cloudkms-v1-rev8-1.22.0.jar
halyard/lib/de.huxhorn.sulky.ulid-8.2.0.jar
halyard/lib/aopalliance-1.0.jar
halyard/lib/grpc-okhttp-1.27.2.jar
halyard/lib/aws-java-sdk-mediatailor-1.11.934.jar
halyard/lib/resilience4j-micrometer-1.1.0.jar
halyard/lib/kork-annotations-7.100.2.jar
halyard/lib/aws-java-sdk-sagemaker-1.11.934.jar
halyard/lib/azure-mgmt-cdn-1.19.0.jar
halyard/lib/spring-boot-actuator-2.2.5.RELEASE.jar
halyard/lib/opencensus-contrib-http-util-0.24.0.jar
halyard/lib/google-auth-library-oauth2-http-0.20.0.jar
halyard/lib/aws-java-sdk-lightsail-1.11.934.jar
halyard/lib/aws-java-sdk-sqs-1.11.934.jar
halyard/lib/checker-compat-qual-2.5.5.jar
halyard/lib/testng-6.13.1.jar
halyard/lib/org.eclipse.jgit.http.apache-5.1.3.201810200350-r.jar
halyard/lib/aws-java-sdk-mediapackagevod-1.11.934.jar
halyard/lib/aspectjweaver-1.9.5.jar
halyard/lib/aws-java-sdk-iotthingsgraph-1.11.934.jar
halyard/lib/jackson-databind-2.12.1.jar
halyard/lib/aws-java-sdk-resourcegroupstaggingapi-1.11.934.jar
halyard/lib/aws-java-sdk-ram-1.11.934.jar
halyard/lib/jackson-module-parameter-names-2.12.1.jar
halyard/lib/groovy-json-2.5.11.jar
halyard/lib/aws-java-sdk-datapipeline-1.11.934.jar
halyard/lib/aws-java-sdk-mediapackage-1.11.934.jar
halyard/lib/aws-java-sdk-forecast-1.11.934.jar
halyard/lib/azure-mgmt-network-1.19.0.jar
halyard/lib/aws-java-sdk-marketplacemeteringservice-1.11.934.jar
halyard/lib/aws-java-sdk-lookoutforvision-1.11.934.jar
halyard/lib/aws-java-sdk-cognitosync-1.11.934.jar
halyard/lib/hamcrest-2.1.jar
halyard/lib/aws-java-sdk-servicecatalog-1.11.934.jar
halyard/lib/brave-5.12.3.jar
halyard/lib/slf4j-api-1.7.30.jar
halyard/lib/dexx-collections-0.2.jar
halyard/lib/aws-java-sdk-iot-1.11.934.jar
halyard/lib/kork-actuator-7.100.2.jar
halyard/lib/spring-security-core-5.2.2.RELEASE.jar
halyard/lib/aws-java-sdk-batch-1.11.934.jar
halyard/lib/netty-handler-4.1.53.Final.jar
halyard/lib/tomcat-embed-websocket-9.0.31.jar
halyard/lib/aws-java-sdk-eventbridge-1.11.934.jar
halyard/lib/jersey-apache-client4-1.19.1.jar
halyard/lib/spring-boot-autoconfigure-2.2.5.RELEASE.jar
halyard/lib/aws-java-sdk-wafv2-1.11.934.jar
halyard/lib/spring-boot-starter-json-2.2.5.RELEASE.jar
halyard/lib/eureka-client-1.9.18.jar
halyard/lib/commons-lang3-3.9.jar
halyard/lib/aws-java-sdk-opsworks-1.11.934.jar
halyard/lib/front50-core-2.22.0.jar
halyard/lib/clouddriver-core-5.72.1.jar
halyard/lib/reactive-streams-1.0.3.jar
halyard/lib/aws-java-sdk-clouddirectory-1.11.934.jar
halyard/lib/aws-java-sdk-qldbsession-1.11.934.jar
halyard/lib/aws-java-sdk-alexaforbusiness-1.11.934.jar
halyard/lib/commons-fileupload-1.4.jar
halyard/lib/converter-jackson-1.9.0.jar
halyard/lib/guava-2.8.1.jar
halyard/lib/jewelcli-0.8.9.jar
halyard/lib/jinjava-2.5.2.jar
halyard/lib/ion-java-1.0.2.jar
halyard/lib/spring-boot-gradle-plugin-1.4.7.RELEASE.jar
halyard/lib/groovy-cli-commons-2.5.11.jar
halyard/lib/plexus-utils-3.1.0.jar
halyard/lib/aws-java-sdk-licensemanager-1.11.934.jar
halyard/lib/aws-java-sdk-connectparticipant-1.11.934.jar
halyard/lib/aws-java-sdk-fsx-1.11.934.jar
halyard/lib/aws-java-sdk-gamelift-1.11.934.jar
halyard/lib/aws-java-sdk-workdocs-1.11.934.jar
halyard/lib/kork-retrofit-7.100.2.jar
halyard/lib/log4j-to-slf4j-2.12.1.jar
halyard/lib/aws-java-sdk-devopsguru-1.11.934.jar
halyard/lib/aws-java-sdk-ssoadmin-1.11.934.jar
halyard/lib/clouddriver-api-5.72.1.jar
halyard/lib/aws-java-sdk-accessanalyzer-1.11.934.jar
halyard/lib/aws-java-sdk-marketplaceentitlement-1.11.934.jar
halyard/lib/junit-4.13.1.jar
halyard/lib/groovy-xml-2.5.11.jar
halyard/lib/zjsonpatch-0.3.0.jar
halyard/lib/aws-java-sdk-sns-1.11.934.jar
halyard/lib/spring-webmvc-5.2.9.RELEASE.jar
halyard/lib/resilience4j-spring-boot2-1.0.0.jar
halyard/lib/jakarta.annotation-api-1.3.5.jar
halyard/lib/spring-boot-starter-web-2.2.5.RELEASE.jar
halyard/lib/aws-java-sdk-greengrassv2-1.11.934.jar
halyard/lib/jsch.agentproxy.connector-factory-0.0.9.jar
halyard/lib/aws-java-sdk-translate-1.11.934.jar
halyard/lib/grpc-spring-boot-starter-2.3.2.jar
halyard/lib/google-http-client-appengine-1.34.2.jar
halyard/lib/jackson-dataformat-cbor-2.12.1.jar
halyard/lib/azure-mgmt-containerinstance-1.19.0.jar
halyard/lib/aws-java-sdk-location-1.11.934.jar
halyard/lib/azure-mgmt-dns-1.19.0.jar
halyard/lib/tomcat-embed-core-9.0.31.jar
halyard/lib/aws-java-sdk-organizations-1.11.934.jar
halyard/lib/okhttp-urlconnection-3.14.9.jar
halyard/lib/aws-java-sdk-efs-1.11.934.jar
halyard/lib/aws-java-sdk-acmpca-1.11.934.jar
halyard/lib/aws-java-sdk-polly-1.11.934.jar
halyard/lib/jsch-0.1.55.jar
halyard/lib/netty-codec-http2-4.1.45.Final.jar
halyard/lib/commons-codec-1.13.jar
halyard/lib/aws-java-sdk-elastictranscoder-1.11.934.jar
halyard/lib/aws-java-sdk-migrationhub-1.11.934.jar
halyard/lib/azure-mgmt-resources-1.19.0.jar
halyard/lib/resilience4j-consumer-1.0.0.jar
halyard/lib/spring-boot-2.2.5.RELEASE.jar
halyard/lib/zipkin-2.21.1.jar
halyard/lib/aws-java-sdk-servicequotas-1.11.934.jar
halyard/lib/aws-java-sdk-workspaces-1.11.934.jar
halyard/lib/spring-cloud-config-client-2.2.2.RELEASE.jar
halyard/lib/hk2-utils-2.6.1.jar
halyard/lib/aws-java-sdk-elasticsearch-1.11.934.jar
halyard/lib/jackson-dataformat-xml-2.12.1.jar
halyard/lib/aws-java-sdk-ecr-1.11.934.jar
halyard/lib/resilience4j-annotations-1.0.0.jar
halyard/lib/javax.inject-1.jar
halyard/lib/grpc-services-1.27.2.jar
halyard/lib/spring-context-5.2.9.RELEASE.jar
halyard/lib/httpclient-4.5.13.jar
halyard/lib/aws-java-sdk-rdsdata-1.11.934.jar
halyard/lib/jakarta.validation-api-2.0.2.jar
halyard/lib/spring-expression-5.2.9.RELEASE.jar
halyard/lib/jsch.agentproxy.usocket-nc-0.0.9.jar
halyard/lib/jna-platform-4.5.2.jar
halyard/lib/resilience4j-spring-boot-common-1.0.0.jar
halyard/lib/kork-exceptions-7.100.2.jar
halyard/lib/log4j-api-2.12.1.jar
halyard/lib/jboss-logging-3.4.1.Final.jar
halyard/lib/spectator-ext-jvm-0.103.0.jar
halyard/lib/jackson-core-2.12.1.jar
halyard/lib/aws-java-sdk-elasticbeanstalk-1.11.934.jar
halyard/lib/ant-1.9.13.jar
halyard/lib/groovy-groovysh-2.5.11.jar
halyard/lib/jul-to-slf4j-1.7.30.jar
halyard/lib/aws-java-sdk-amplify-1.11.934.jar
halyard/lib/aws-java-sdk-guardduty-1.11.934.jar
halyard/lib/aws-java-sdk-appintegrations-1.11.934.jar
halyard/lib/groovy-ant-2.5.11.jar
halyard/lib/aws-java-sdk-frauddetector-1.11.934.jar
halyard/lib/netty-codec-4.1.53.Final.jar
halyard/lib/google-cloud-core-http-1.93.4.jar
halyard/lib/vavr-match-0.10.0.jar
halyard/lib/azure-mgmt-batch-1.19.0.jar
halyard/lib/junit-platform-engine-1.6.2.jar
halyard/lib/netflix-infix-0.3.0.jar
halyard/lib/aws-java-sdk-models-1.11.934.jar
halyard/lib/jsr311-api-1.1.1.jar
halyard/lib/aws-java-sdk-connect-1.11.934.jar
halyard/lib/aws-java-sdk-textract-1.11.934.jar
halyard/lib/rxjava-1.3.8.jar
halyard/lib/aws-java-sdk-sts-1.11.934.jar
halyard/lib/aws-java-sdk-autoscalingplans-1.11.934.jar
halyard/lib/spring-cloud-aws-core-2.2.1.RELEASE.jar
halyard/lib/okhttp-apache-2.7.5.jar
halyard/lib/bcprov-jdk15on-1.64.jar
halyard/lib/aws-java-sdk-auditmanager-1.11.934.jar
halyard/lib/maven-model-builder-3.5.4.jar
halyard/lib/aws-java-sdk-appmesh-1.11.934.jar
halyard/lib/commons-exec-1.3.jar
halyard/lib/aws-java-sdk-imagebuilder-1.11.934.jar
halyard/lib/stringtemplate-3.2.1.jar
halyard/lib/aws-java-sdk-codestarconnections-1.11.934.jar
halyard/lib/azure-1.19.0.jar
halyard/lib/aws-java-sdk-datasync-1.11.934.jar
halyard/lib/aws-java-sdk-greengrass-1.11.934.jar
halyard/lib/adapter-rxjava-2.4.0.jar
halyard/lib/kork-secrets-aws-7.100.2.jar
halyard/lib/aws-java-sdk-mwaa-1.11.934.jar
halyard/lib/maven-resolver-spi-1.1.1.jar
halyard/lib/aws-java-sdk-codeguruprofiler-1.11.934.jar
halyard/lib/groovy-jmx-2.5.11.jar
halyard/lib/kork-secrets-7.100.2.jar
halyard/lib/jooq-3.13.2.jar
halyard/lib/aopalliance-repackaged-2.6.1.jar
halyard/lib/kork-plugins-spring-api-7.100.2.jar
halyard/lib/aws-java-sdk-ssooidc-1.11.934.jar
halyard/lib/azure-keyvault-1.0.0.jar
halyard/lib/autolink-0.10.0.jar
halyard/lib/kubernetes-client-4.4.1.jar
halyard/lib/grpc-api-1.27.2.jar
halyard/lib/aws-java-sdk-directconnect-1.11.934.jar
halyard/lib/spring-cloud-config-server-2.2.2.RELEASE.jar
halyard/lib/halyard-deploy-1.41.1-20210226020017.jar
halyard/lib/jakarta.xml.bind-api-2.3.2.jar
halyard/lib/cats-redis-5.72.1.jar
halyard/lib/aws-java-sdk-1.11.934.jar
halyard/lib/clouddriver-eureka-5.72.1.jar
halyard/lib/aws-java-sdk-simpledb-1.11.934.jar
halyard/lib/aws-java-sdk-fms-1.11.934.jar
halyard/lib/httpcore-4.4.13.jar
halyard/lib/aws-java-sdk-api-gateway-1.11.934.jar
halyard/lib/kotlin-stdlib-1.4.21.jar
halyard/lib/aws-java-sdk-quicksight-1.11.934.jar
halyard/lib/protobuf-javanano-3.0.0-alpha-5.jar
halyard/lib/aws-java-sdk-savingsplans-1.11.934.jar
halyard/lib/aws-java-sdk-cloudformation-1.11.934.jar
halyard/lib/aws-java-sdk-iam-1.11.934.jar
halyard/lib/failsafe-1.0.4.jar
halyard/lib/qdox-1.12.1.jar
halyard/lib/jersey-media-json-jackson-2.29.1.jar
halyard/lib/aws-java-sdk-dms-1.11.934.jar
halyard/lib/groovy-macro-2.5.11.jar
halyard/lib/aws-java-sdk-lakeformation-1.11.934.jar
halyard/lib/spring-cloud-aws-context-2.2.1.RELEASE.jar
halyard/lib/aws-java-sdk-macie-1.11.934.jar
halyard/lib/junit-jupiter-engine-5.6.2.jar
halyard/lib/checker-qual-3.1.0.jar
halyard/lib/xmlpull-1.1.3.1.jar
halyard/lib/maven-model-3.5.4.jar
halyard/lib/hk2-locator-2.6.1.jar
halyard/lib/aws-java-sdk-route53-1.11.934.jar
halyard/lib/aws-java-sdk-waf-1.11.934.jar
halyard/lib/clouddriver-saga-5.72.1.jar
halyard/lib/netty-codec-http-4.1.53.Final.jar
halyard/lib/aws-java-sdk-appregistry-1.11.934.jar
halyard/lib/aws-java-sdk-kinesisvideo-1.11.934.jar
halyard/lib/commons-jxpath-1.3.jar
halyard/lib/okhttp-3.14.9.jar
halyard/lib/lang-tag-1.5.jar
halyard/lib/awsobjectmapper-1.11.934.jar
halyard/lib/netty-buffer-4.1.53.Final.jar
halyard/lib/aws-java-sdk-comprehendmedical-1.11.934.jar
halyard/lib/google-api-client-1.30.9.jar
halyard/lib/aws-java-sdk-glue-1.11.934.jar
halyard/lib/jersey-entity-filtering-2.29.1.jar
halyard/lib/spring-web-5.2.9.RELEASE.jar
halyard/lib/azure-mgmt-search-1.19.0.jar
halyard/lib/brave-instrumentation-http-5.12.3.jar
halyard/lib/validation-api-2.0.1.Final.jar
halyard/lib/gax-httpjson-0.73.0.jar
halyard/lib/aws-java-sdk-appflow-1.11.934.jar
halyard/lib/jackson-dataformat-yaml-2.12.1.jar
halyard/lib/clouddriver-google-common-5.72.1.jar
halyard/lib/spring-boot-starter-security-2.2.5.RELEASE.jar
halyard/lib/aws-java-sdk-ebs-1.11.934.jar
halyard/lib/aws-java-sdk-schemas-1.11.934.jar
halyard/lib/kork-config-7.100.2.jar
halyard/lib/aws-java-sdk-cloud9-1.11.934.jar
halyard/lib/halyard-core-1.41.1-20210226020017.jar
halyard/lib/aws-java-sdk-ivs-1.11.934.jar
halyard/lib/junit-platform-launcher-1.6.2.jar
halyard/lib/aws-java-sdk-appsync-1.11.934.jar
halyard/lib/aws-java-sdk-resourcegroups-1.11.934.jar
halyard/lib/perfmark-api-0.19.0.jar
halyard/lib/dependency-management-plugin-1.0.9.RELEASE.jar
halyard/lib/aws-java-sdk-iotwireless-1.11.934.jar
halyard/lib/aws-java-sdk-iotanalytics-1.11.934.jar
halyard/lib/retrofit1-okhttp3-client-1.1.0.jar
halyard/lib/aws-java-sdk-cloudhsmv2-1.11.934.jar
halyard/lib/aws-java-sdk-codecommit-1.11.934.jar
halyard/lib/azure-client-runtime-1.6.4.jar
halyard/lib/clouddriver-appengine-5.72.1.jar
halyard/lib/aws-java-sdk-cloudwatchmetrics-1.11.934.jar
halyard/lib/azure-mgmt-cosmosdb-1.19.0.jar
halyard/lib/maven-builder-support-3.5.4.jar
halyard/lib/aws-java-sdk-outposts-1.11.934.jar
halyard/lib/aws-java-sdk-devicefarm-1.11.934.jar
halyard/lib/fiat-core-1.26.0.jar
halyard/lib/aws-java-sdk-synthetics-1.11.934.jar
halyard/lib/xstream-1.4.11.1.jar
halyard/lib/aws-java-sdk-support-1.11.934.jar
halyard/lib/jackson-datatype-joda-2.12.1.jar
halyard/lib/spring-aop-5.2.9.RELEASE.jar
halyard/lib/halyard-config-1.41.1-20210226020017.jar
halyard/lib/client-runtime-1.6.4.jar
halyard/lib/aws-java-sdk-cloudhsm-1.11.934.jar
halyard/lib/spectator-ext-gc-0.103.0.jar
halyard/lib/groovy-test-2.5.11.jar
halyard/lib/spectator-ext-aws-0.103.0.jar
halyard/lib/aws-java-sdk-cloudsearch-1.11.934.jar
halyard/lib/ivy-2.4.0.jar
halyard/lib/spring-boot-starter-aop-2.2.5.RELEASE.jar
halyard/lib/aws-java-sdk-timestreamquery-1.11.934.jar
halyard/lib/kork-secrets-gcp-7.100.2.jar
halyard/lib/aws-java-sdk-appstream-1.11.934.jar
halyard/lib/aws-java-sdk-iotevents-1.11.934.jar
halyard/lib/aws-java-sdk-pinpointemail-1.11.934.jar
halyard/lib/pf4j-3.2.0.jar
halyard/lib/aws-java-sdk-medialive-1.11.934.jar
halyard/lib/aws-java-sdk-iotfleethub-1.11.934.jar
halyard/lib/auto-value-annotations-1.7.jar
halyard/lib/automaton-1.11-8.jar
halyard/lib/kork-api-7.100.2.jar
halyard/lib/aws-java-sdk-elasticloadbalancingv2-1.11.934.jar
halyard/lib/aws-java-sdk-iotdeviceadvisor-1.11.934.jar
halyard/lib/logback-classic-1.2.3.jar
halyard/lib/jersey-client-1.19.1.jar
halyard/lib/groovy-test-junit5-2.5.11.jar
halyard/lib/halyard-cli-1.41.1-20210226020017.jar
halyard/lib/google-http-client-1.35.0.jar
halyard/lib/clouddriver-artifacts-5.72.1.jar
halyard/lib/spock-core-1.3-groovy-2.5.jar
halyard/lib/ant-antlr-1.9.13.jar
halyard/lib/netty-common-4.1.53.Final.jar
halyard/lib/aws-java-sdk-computeoptimizer-1.11.934.jar
halyard/lib/aws-java-sdk-codebuild-1.11.934.jar
halyard/lib/jsr305-3.0.2.jar
halyard/lib/google-api-services-compute-alpha-rev20200526-1.30.9.jar
halyard/lib/spring-cloud-commons-2.2.2.RELEASE.jar
halyard/lib/aws-java-sdk-dax-1.11.934.jar
halyard/lib/grpc-google-common-protos-1.17.0.jar
halyard/lib/jersey-hk2-2.29.1.jar
halyard/lib/aws-java-sdk-mobile-1.11.934.jar
halyard/lib/clouddriver-consul-5.72.1.jar
halyard/lib/aws-java-sdk-ecrpublic-1.11.934.jar
halyard/lib/aws-java-sdk-transcribe-1.11.934.jar
halyard/lib/aws-java-sdk-sagemakeredgemanager-1.11.934.jar
halyard/lib/aws-java-sdk-customerprofiles-1.11.934.jar
halyard/lib/aws-java-sdk-prometheus-1.11.934.jar
halyard/lib/clouddriver-azure-5.72.1.jar
halyard/lib/azure-mgmt-containerregistry-1.19.0.jar
halyard/lib/azure-mgmt-storage-1.19.0.jar
halyard/lib/aws-java-sdk-marketplacecatalog-1.11.934.jar
halyard/lib/google-http-client-jackson2-1.35.0.jar
halyard/lib/aws-java-sdk-lex-1.11.934.jar
halyard/lib/bcpg-jdk15on-1.64.jar
halyard/lib/groovy-swing-2.5.11.jar
halyard/lib/aws-java-sdk-ioteventsdata-1.11.934.jar
halyard/lib/grpc-auth-1.27.2.jar
halyard/lib/javax.activation-api-1.2.0.jar
halyard/lib/spring-security-crypto-5.2.2.RELEASE.jar
halyard/lib/google-api-services-appengine-v1-rev92-1.25.0.jar
halyard/lib/google-api-services-iam-v1-rev267-1.25.0.jar
halyard/lib/azure-mgmt-trafficmanager-1.19.0.jar
halyard/lib/grpc-context-1.27.2.jar
halyard/lib/jakarta.inject-2.6.1.jar
halyard/lib/aws-java-sdk-iot1clickprojects-1.11.934.jar
halyard/lib/aws-java-sdk-worklink-1.11.934.jar
halyard/lib/maven-resolver-api-1.1.1.jar
halyard/lib/spring-cloud-context-2.2.2.RELEASE.jar
halyard/lib/aws-java-sdk-forecastquery-1.11.934.jar
halyard/lib/fiat-api-1.26.0.jar
halyard/lib/aws-java-sdk-networkfirewall-1.11.934.jar
halyard/lib/halyard-backup-1.41.1-20210226020017.jar
halyard/lib/spock-spring-1.3-groovy-2.5.jar
halyard/lib/aws-java-sdk-personalizeruntime-1.11.934.jar
halyard/lib/aws-java-sdk-emrcontainers-1.11.934.jar
halyard/lib/netty-codec-socks-4.1.45.Final.jar
halyard/lib/aws-java-sdk-pricing-1.11.934.jar
halyard/lib/aws-java-sdk-logs-1.11.934.jar
halyard/lib/aws-java-sdk-mediaconvert-1.11.934.jar
halyard/lib/bcpkix-jdk15on-1.64.jar
halyard/lib/aws-java-sdk-elasticloadbalancing-1.11.934.jar
halyard/lib/aws-java-sdk-codegurureviewer-1.11.934.jar
halyard/lib/aws-java-sdk-s3-1.11.934.jar
halyard/lib/aws-java-sdk-rekognition-1.11.934.jar
halyard/lib/logstash-logback-encoder-4.11.jar
halyard/lib/aws-java-sdk-s3control-1.11.934.jar
halyard/lib/aws-java-sdk-timestreamwrite-1.11.934.jar
halyard/lib/netflix-eventbus-0.3.0.jar
halyard/lib/front50-gcs-2.22.0.jar
halyard/lib/aws-java-sdk-kinesisanalyticsv2-1.11.934.jar
halyard/lib/error_prone_annotations-2.3.4.jar
halyard/lib/netty-resolver-4.1.53.Final.jar
halyard/lib/commons-lang-2.6.jar
halyard/lib/jersey-common-2.29.1.jar
halyard/lib/aws-java-sdk-macie2-1.11.934.jar
halyard/lib/maven-resolver-provider-3.5.4.jar
halyard/lib/annotations-19.0.0.jar
halyard/lib/aws-java-sdk-lexmodelbuilding-1.11.934.jar
halyard/lib/aws-java-sdk-kinesis-1.11.934.jar
halyard/lib/opencensus-api-0.24.0.jar
halyard/lib/commons-net-3.3.jar
halyard/lib/woodstox-core-6.2.3.jar
halyard/lib/logback-core-1.2.3.jar
halyard/lib/aws-java-sdk-amplifybackend-1.11.934.jar
halyard/lib/groovy-servlet-2.5.11.jar
halyard/lib/grpc-netty-1.27.2.jar
halyard/lib/stax2-api-4.2.1.jar
halyard/lib/clouddriver-google-5.72.1.jar
halyard/lib/resilience4j-circuitbreaker-1.0.0.jar
halyard/lib/resilience4j-ratelimiter-1.0.0.jar
halyard/lib/aws-java-sdk-sagemakerruntime-1.11.934.jar
halyard/lib/aws-java-sdk-servicediscovery-1.11.934.jar
halyard/lib/aws-java-sdk-lambda-1.11.934.jar
halyard/lib/stax-api-1.0.1.jar
halyard/lib/antlr-2.7.7.jar
halyard/lib/kork-plugins-7.100.2.jar
halyard/lib/aws-java-sdk-iotjobsdataplane-1.11.934.jar
halyard/lib/aws-java-sdk-dynamodb-1.11.934.jar
halyard/lib/aws-java-sdk-pinpoint-1.11.934.jar
halyard/lib/groovy-groovydoc-2.5.11.jar
halyard/lib/aws-java-sdk-appconfig-1.11.934.jar
halyard/lib/jcip-annotations-1.0-1.jar
halyard/lib/HdrHistogram-2.1.11.jar
halyard/lib/aws-java-sdk-dataexchange-1.11.934.jar
halyard/lib/google-cloud-core-1.93.4.jar
halyard/lib/spectator-reg-micrometer-0.103.0.jar
halyard/lib/azure-mgmt-eventhub-1.19.0.jar
halyard/lib/aws-java-sdk-elasticinference-1.11.934.jar
halyard/lib/aws-java-sdk-mechanicalturkrequester-1.11.934.jar
halyard/lib/aws-java-sdk-serverlessapplicationrepository-1.11.934.jar
halyard/lib/jsch.agentproxy.pageant-0.0.9.jar
halyard/lib/frigga-0.24.0.jar
halyard/lib/azure-mgmt-graph-rbac-1.19.0.jar
halyard/lib/jackson-datatype-jsr310-2.12.1.jar
halyard/lib/aws-java-sdk-applicationinsights-1.11.934.jar
halyard/lib/failureaccess-1.0.1.jar
halyard/lib/aws-java-sdk-glacier-1.11.934.jar
halyard/lib/kork-core-7.100.2.jar
halyard/lib/ant-junit-1.9.13.jar
halyard/lib/aws-java-sdk-redshift-1.11.934.jar
halyard/lib/commons-compress-1.20.jar
halyard/lib/aws-java-sdk-braket-1.11.934.jar
halyard/lib/aws-java-sdk-transfer-1.11.934.jar
halyard/lib/compactmap-1.2.1.jar
halyard/lib/azure-mgmt-keyvault-1.19.0.jar
halyard/lib/aws-java-sdk-applicationautoscaling-1.11.934.jar
halyard/lib/aws-java-sdk-mq-1.11.934.jar
halyard/lib/cats-core-5.72.1.jar
halyard/lib/jersey-client-2.29.1.jar
halyard/lib/aws-java-sdk-xray-1.11.934.jar
halyard/lib/aws-java-sdk-elasticache-1.11.934.jar
halyard/lib/aws-java-sdk-comprehend-1.11.934.jar
halyard/lib/aws-java-sdk-cloudtrail-1.11.934.jar
halyard/lib/groovy-nio-2.5.11.jar
halyard/lib/aws-java-sdk-mediaconnect-1.11.934.jar
halyard/lib/jettison-1.3.7.jar
halyard/lib/google-api-services-storage-v1-rev20200326-1.30.9.jar
halyard/lib/jackson-annotations-2.12.1.jar
halyard/lib/spring-core-5.2.9.RELEASE.jar
halyard/lib/aws-java-sdk-shield-1.11.934.jar
halyard/lib/junit-jupiter-api-5.6.2.jar
halyard/lib/groovy-jsr223-2.5.11.jar
halyard/lib/aws-java-sdk-wellarchitected-1.11.934.jar
halyard/lib/aws-java-sdk-core-1.11.934.jar
halyard/lib/servo-core-0.12.21.jar
halyard/lib/asm-5.0.4.jar
halyard/lib/protobuf-java-util-3.11.4.jar
halyard/lib/aws-java-sdk-codeartifact-1.11.934.jar
halyard/lib/vavr-0.10.0.jar
halyard/lib/grpc-stub-1.27.2.jar
halyard/lib/accessors-smart-1.2.jar
halyard/lib/aws-java-sdk-signer-1.11.934.jar
halyard/lib/aws-java-sdk-kinesisvideosignalingchannels-1.11.934.jar
halyard/lib/aws-java-sdk-discovery-1.11.934.jar
halyard/lib/archaius-core-0.7.7.jar
halyard/lib/kork-security-7.100.2.jar
halyard/lib/oci-java-sdk-core-1.5.17.jar
halyard/lib/aws-java-sdk-ecs-1.11.934.jar
halyard/lib/aws-java-sdk-cloudfront-1.11.934.jar
halyard/lib/azure-mgmt-msi-1.19.0.jar
halyard/lib/groovy-cli-picocli-2.5.11.jar
halyard/lib/aws-java-sdk-personalize-1.11.934.jar
halyard/lib/clouddriver-cloudfoundry-5.72.1.jar
halyard/lib/caffeine-2.8.1.jar
halyard/lib/grpc-protobuf-1.27.2.jar
halyard/lib/jsoup-1.10.3.jar
halyard/lib/maven-repository-metadata-3.5.4.jar
halyard/lib/aws-java-sdk-pinpointsmsvoice-1.11.934.jar
halyard/lib/aws-java-sdk-mediastoredata-1.11.934.jar
halyard/lib/aws-java-sdk-robomaker-1.11.934.jar
halyard/lib/okio-1.17.2.jar
halyard/lib/front50-s3-2.22.0.jar
halyard/lib/oci-java-sdk-workrequests-1.5.17.jar
halyard/lib/generex-1.0.2.jar
halyard/lib/jsch.agentproxy.jsch-0.0.9.jar
halyard/lib/azure-mgmt-containerservice-1.19.0.jar
halyard/lib/aws-java-sdk-iotsecuretunneling-1.11.934.jar
halyard/lib/aws-java-sdk-dlm-1.11.934.jar
halyard/lib/aws-java-sdk-workmailmessageflow-1.11.934.jar
halyard/lib/kork-aws-7.100.2.jar
halyard/lib/spring-boot-starter-validation-2.2.5.RELEASE.jar
halyard/lib/joda-time-2.10.8.jar
halyard/lib/aws-java-sdk-autoscaling-1.11.934.jar
halyard/lib/aws-java-sdk-importexport-1.11.934.jar
halyard/lib/kork-telemetry-7.100.2.jar
halyard/lib/retrofit-2.8.1.jar
halyard/lib/spring-boot-starter-2.2.5.RELEASE.jar
halyard/lib/spring-boot-actuator-autoconfigure-2.2.5.RELEASE.jar
halyard/lib/aws-java-sdk-sesv2-1.11.934.jar
halyard/lib/aws-java-sdk-acm-1.11.934.jar
halyard/lib/aws-java-sdk-detective-1.11.934.jar
halyard/lib/aws-java-sdk-groundstation-1.11.934.jar
halyard/lib/aws-java-sdk-costandusagereport-1.11.934.jar
halyard/lib/aws-java-sdk-migrationhubconfig-1.11.934.jar
halyard/lib/grpc-protobuf-nano-1.8.0.jar
halyard/lib/azure-mgmt-batchai-1.19.0.jar
halyard/lib/spring-security-web-5.2.2.RELEASE.jar
halyard/lib/JavaEWAH-1.1.7.jar
halyard/lib/commons-text-1.6.jar
halyard/lib/okhttp-urlconnection-2.7.5.jar
halyard/config/
halyard/config/halyard.yml
hal
update-halyard
Creating /usr/lib/sysusers.d directory.
/home/mayank
The halyard daemon isn't running yet... starting it manually....
1.41.1-20210226020017

Would you like to configure halyard to use bash auto-completion? [default=Y]: Y 
